2026-06-30 07:59:53 - [INFO] save_product triggered.
POST: Array
(
    [csrf] => 1406a140f252d73e1ebcf972781091519a0d25eebb405e32588de76c9e493a3d
    [action] => save_product
    [editingId] => 
    [id] => Test Ring
    [name] => AK Gold
    [category] => gold
    [subcategory] => Coins
    [subSubcategory] => 
    [metalType] => gold22
    [baseWeight] => 7
    [wastagePercent] => 7
    [purity] => 99.9% pure Gold
    [style] => Hallmarked Coin
    [image] => assets/gold_necklace.png
    [active] => on
    [description] => sssssssssssssssssssssssssssssssssssssssss
)

FILES: Array
(
    [productImage] => Array
        (
            [name] => 
            [full_path] => 
            [type] => 
            [tmp_name] => 
            [error] => 4
            [size] => 0
        )

)

2026-06-30 07:59:53 - [SUCCESS] Product saved with ref_code: test-ring

2026-06-30 08:02:10 - [INFO] save_product triggered.
POST: Array
(
    [csrf] => 1406a140f252d73e1ebcf972781091519a0d25eebb405e32588de76c9e493a3d
    [action] => save_product
    [editingId] => 
    [id] => Test Ring
    [name] => AK Gold
    [category] => gold
    [subcategory] => Coins
    [subSubcategory] => 
    [metalType] => gold22
    [baseWeight] => 7
    [wastagePercent] => 7
    [purity] => 99.9% pure Gold
    [style] => Hallmarked Coin
    [image] => assets/gold_necklace.png
    [active] => on
    [description] => sssssssssssssssssssssssssssssss
)

FILES: Array
(
    [productImage] => Array
        (
            [name] => 
            [full_path] => 
            [type] => 
            [tmp_name] => 
            [error] => 4
            [size] => 0
        )

)

2026-06-30 08:02:10 - [SUCCESS] Product saved with ref_code: test-ring

2026-06-30 08:02:26 - [INFO] save_product triggered.
POST: Array
(
    [csrf] => 1406a140f252d73e1ebcf972781091519a0d25eebb405e32588de76c9e493a3d
    [action] => save_product
    [editingId] => test-ring
    [id] => test-ring
    [name] => AK Gold
    [category] => gold
    [subcategory] => Coins
    [subSubcategory] => 
    [metalType] => gold22
    [baseWeight] => 7
    [wastagePercent] => 7
    [purity] => 99.9% pure Gold
    [style] => Hallmarked Coin
    [image] => assets/gold_necklace.png
    [active] => on
    [description] => sssssssssssssssssssssssssssssss
)

FILES: Array
(
    [productImage] => Array
        (
            [name] => telegram-5662082_1280.png
            [full_path] => telegram-5662082_1280.png
            [type] => image/png
            [tmp_name] => C:\xampp\tmp\phpC47A.tmp
            [error] => 0
            [size] => 46958
        )

)

2026-06-30 08:02:26 - [SUCCESS] Product saved with ref_code: test-ring

